<?xml version="1.0" encoding="UTF-8"?>
<testsuite name="tests.WebQuizEngineTest" tests="1" skipped="0" failures="0" errors="0" timestamp="2020-07-05T17:38:39" hostname="DESKTOP-2EG3TM8" time="4.451">
  <properties/>
  <testcase name="start" classname="tests.WebQuizEngineTest" time="4.451"/>
  <system-out><![CDATA[?[1;31m
Start test 1?[0m

  .   ____          _            __ _ _
 /\\ / ___'_ __ _ _(_)_ __  __ _ \ \ \ \
( ( )\___ | '_ | '_| | '_ \/ _` | \ \ \ \
 \\/  ___)| |_)| | | | | || (_| |  ) ) ) )
  '  |____| .__|_| |_|_| |_\__, | / / / /
 =========|_|==============|___/=/_/_/_/
 :: Spring Boot ::        (v2.2.6.RELEASE)

2020-07-05 19:38:40.327  INFO 5804 --- [    Test worker] engine.WebQuizEngine                     : Starting WebQuizEngine on DESKTOP-2EG3TM8 with PID 5804 (started by Ja in C:\Users\Ja\IdeaProjects\Web Quiz Engine\Web Quiz Engine\task)
2020-07-05 19:38:40.333  INFO 5804 --- [    Test worker] engine.WebQuizEngine                     : No active profile set, falling back to default profiles: default
2020-07-05 19:38:41.890  INFO 5804 --- [    Test worker] o.s.b.w.embedded.tomcat.TomcatWebServer  : Tomcat initialized with port(s): 8889 (http)
2020-07-05 19:38:41.907  INFO 5804 --- [    Test worker] o.apache.catalina.core.StandardService   : Starting service [Tomcat]
2020-07-05 19:38:41.908  INFO 5804 --- [    Test worker] org.apache.catalina.core.StandardEngine  : Starting Servlet engine: [Apache Tomcat/9.0.33]
2020-07-05 19:38:42.054  INFO 5804 --- [    Test worker] o.a.c.c.C.[Tomcat].[localhost].[/]       : Initializing Spring embedded WebApplicationContext
2020-07-05 19:38:42.054  INFO 5804 --- [    Test worker] o.s.web.context.ContextLoader            : Root WebApplicationContext: initialization completed in 1661 ms
2020-07-05 19:38:42.461  INFO 5804 --- [    Test worker] o.s.s.concurrent.ThreadPoolTaskExecutor  : Initializing ExecutorService 'applicationTaskExecutor'
2020-07-05 19:38:42.721  INFO 5804 --- [    Test worker] o.s.b.a.e.web.EndpointLinksResolver      : Exposing 14 endpoint(s) beneath base path '/actuator'
2020-07-05 19:38:42.784  INFO 5804 --- [    Test worker] o.s.b.w.embedded.tomcat.TomcatWebServer  : Tomcat started on port(s): 8889 (http) with context path ''
2020-07-05 19:38:42.788  INFO 5804 --- [    Test worker] engine.WebQuizEngine                     : Started WebQuizEngine in 2.896 seconds (JVM running for 3.72)
2020-07-05 19:38:43.209  INFO 5804 --- [nio-8889-exec-1] o.a.c.c.C.[Tomcat].[localhost].[/]       : Initializing Spring DispatcherServlet 'dispatcherServlet'
2020-07-05 19:38:43.210  INFO 5804 --- [nio-8889-exec-1] o.s.web.servlet.DispatcherServlet        : Initializing Servlet 'dispatcherServlet'
2020-07-05 19:38:43.219  INFO 5804 --- [nio-8889-exec-1] o.s.web.servlet.DispatcherServlet        : Completed initialization in 8 ms
?[1;31m
Start test 2?[0m
?[1;31m
Start test 3?[0m
?[1;31m
Start test 4?[0m
?[1;31m
Start test 5?[0m
?[1;31m
Start test 6?[0m
?[1;31m
Start test 7?[0m
?[1;31m
Start test 8?[0m
?[1;31m
Start test 9?[0m
?[1;31m
Start test 10?[0m
?[1;31m
Start test 11?[0m
?[1;31m
Start test 12?[0m
?[1;31m
Start test 13?[0m
?[1;31m
Start test 14?[0m
?[1;31m
Start test 15?[0m
?[1;31m
Start test 16?[0m
?[1;31m
Start test 17?[0m
?[1;31m
Start test 18?[0m
2020-07-05 19:38:43.513  WARN 5804 --- [nio-8889-exec-7] .w.s.m.s.DefaultHandlerExceptionResolver : Resolved [org.springframework.http.converter.HttpMessageNotReadableException: Could not read JSON: com.google.gson.stream.MalformedJsonException: Unterminated object at line 4 column 4 path $.options; nested exception is com.google.gson.JsonSyntaxException: com.google.gson.stream.MalformedJsonException: Unterminated object at line 4 column 4 path $.options]
?[1;31m
Start test 19?[0m
2020-07-05 19:38:43.532  WARN 5804 --- [io-8889-exec-10] .w.s.m.s.DefaultHandlerExceptionResolver : Resolved [org.springframework.http.converter.HttpMessageNotReadableException: Could not read JSON: com.google.gson.stream.MalformedJsonException: Unterminated object at line 5 column 4 path $.options; nested exception is com.google.gson.JsonSyntaxException: com.google.gson.stream.MalformedJsonException: Unterminated object at line 5 column 4 path $.options]
?[1;31m
Start test 20?[0m
2020-07-05 19:38:43.546  WARN 5804 --- [io-8889-exec-10] .w.s.m.s.DefaultHandlerExceptionResolver : Resolved [org.springframework.http.converter.HttpMessageNotReadableException: Could not read JSON: com.google.gson.stream.MalformedJsonException: Unterminated object at line 4 column 4 path $.options; nested exception is com.google.gson.JsonSyntaxException: com.google.gson.stream.MalformedJsonException: Unterminated object at line 4 column 4 path $.options]
?[1;31m
Start test 21?[0m
2020-07-05 19:38:43.556  WARN 5804 --- [nio-8889-exec-2] .w.s.m.s.DefaultHandlerExceptionResolver : Resolved [org.springframework.http.converter.HttpMessageNotReadableException: Could not read JSON: com.google.gson.stream.MalformedJsonException: Unterminated object at line 5 column 4 path $.options; nested exception is com.google.gson.JsonSyntaxException: com.google.gson.stream.MalformedJsonException: Unterminated object at line 5 column 4 path $.options]
?[1;31m
Start test 22?[0m
2020-07-05 19:38:43.606  WARN 5804 --- [nio-8889-exec-2] .w.s.m.s.DefaultHandlerExceptionResolver : Resolved [org.springframework.web.bind.MethodArgumentNotValidException: Validation failed for argument [0] in public org.springframework.http.ResponseEntity<com.google.gson.JsonObject> engine.QuizController.createQuiz(engine.Question): [Field error in object 'question' on field 'options': rejected value [null]; codes [NotEmpty.question.options,NotEmpty.options,NotEmpty.[Ljava.lang.String;,NotEmpty]; arguments [org.springframework.context.support.DefaultMessageSourceResolvable: codes [question.options,options]; arguments []; default message [options]]; default message [must not be empty]] ]
?[1;31m
Start test 23?[0m
2020-07-05 19:38:43.627  WARN 5804 --- [nio-8889-exec-3] .w.s.m.s.DefaultHandlerExceptionResolver : Resolved [org.springframework.http.converter.HttpMessageNotReadableException: Could not read JSON: com.google.gson.stream.MalformedJsonException: Unterminated object at line 5 column 4 path $.options; nested exception is com.google.gson.JsonSyntaxException: com.google.gson.stream.MalformedJsonException: Unterminated object at line 5 column 4 path $.options]
?[1;31m
Start test 24?[0m
2020-07-05 19:38:43.635  WARN 5804 --- [nio-8889-exec-5] .w.s.m.s.DefaultHandlerExceptionResolver : Resolved [org.springframework.http.converter.HttpMessageNotReadableException: Could not read JSON: com.google.gson.stream.MalformedJsonException: Unterminated object at line 5 column 4 path $.options; nested exception is com.google.gson.JsonSyntaxException: com.google.gson.stream.MalformedJsonException: Unterminated object at line 5 column 4 path $.options]
?[1;31m
Start test 25?[0m
?[1;31m
Start test 26?[0m
?[1;31m
Start test 27?[0m
?[1;31m
Start test 28?[0m
?[1;31m
Start test 29?[0m
?[1;31m
Start test 30?[0m
?[1;31m
Start test 31?[0m
?[1;31m
Start test 32?[0m
?[1;31m
Start test 33?[0m
?[1;31m
Start test 34?[0m
?[1;31m
Start test 35?[0m
?[1;31m
Start test 36?[0m
?[1;31m
Start test 37?[0m
?[1;31m
Start test 38?[0m
?[1;31m
Start test 39?[0m
?[1;31m
Start test 40?[0m
?[1;31m
Start test 41?[0m
?[1;31m
Start test 42?[0m
?[1;31m
Start test 43?[0m
?[1;31m
Start test 44?[0m
?[1;31m
Start test 45?[0m
?[1;31m
Start test 46?[0m
?[1;31m
Start test 47?[0m
?[1;31m
Start test 48?[0m
?[1;31m
Start test 49?[0m
?[1;31m
Start test 50?[0m
?[1;31m
Start test 51?[0m
?[1;31m
Start test 52?[0m
?[1;31m
Start test 53?[0m
?[1;31m
Start test 54?[0m
?[1;31m
Start test 55?[0m
?[1;31m
Start test 56?[0m
?[1;31m
Start test 57?[0m
?[1;31m
Start test 58?[0m
?[1;31m
Start test 59?[0m
?[1;31m
Start test 60?[0m
?[1;31m
Start test 61?[0m
?[1;31m
Start test 62?[0m
?[1;31m
Start test 63?[0m
?[1;31m
Start test 64?[0m
?[1;31m
Start test 65?[0m
?[1;31m
Start test 66?[0m
?[1;31m
Start test 67?[0m
?[1;31m
Start test 68?[0m
?[1;31m
Start test 69?[0m
?[1;31m
Start test 70?[0m
?[1;31m
Start test 71?[0m
?[1;31m
Start test 72?[0m
?[1;31m
Start test 73?[0m
?[1;31m
Start test 74?[0m
?[1;31m
Start test 75?[0m
?[1;31m
Start test 76?[0m
?[1;31m
Start test 77?[0m
?[1;31m
Start test 78?[0m
?[1;31m
Start test 79?[0m
?[1;31m
Start test 80?[0m
?[1;31m
Start test 81?[0m
?[1;31m
Start test 82?[0m
?[1;31m
Start test 83?[0m
?[1;31m
Start test 84?[0m
?[1;31m
Start test 85?[0m
?[1;31m
Start test 86?[0m
?[1;31m
Start test 87?[0m
?[1;31m
Start test 88?[0m
?[1;31m
Start test 89?[0m
?[1;31m
Start test 90?[0m
?[1;31m
Start test 91?[0m
?[1;31m
Start test 92?[0m
?[1;31m
Start test 93?[0m
?[1;31m
Start test 94?[0m
?[1;31m
Start test 95?[0m
?[1;31m
Start test 96?[0m
?[1;31m
Start test 97?[0m
?[1;31m
Start test 98?[0m
?[1;31m
Start test 99?[0m
?[1;31m
Start test 100?[0m
?[1;31m
Start test 101?[0m
?[1;31m
Start test 102?[0m
?[1;31m
Start test 103?[0m
?[1;31m
Start test 104?[0m
?[1;31m
Start test 105?[0m
?[1;31m
Start test 106?[0m
?[1;31m
Start test 107?[0m
?[1;31m
Start test 108?[0m
?[1;31m
Start test 109?[0m
?[1;31m
Start test 110?[0m
?[1;31m
Start test 111?[0m
?[1;31m
Start test 112?[0m
?[1;31m
Start test 113?[0m
?[1;31m
Start test 114?[0m
]]></system-out>
  <system-err><![CDATA[]]></system-err>
</testsuite>
